  [1m[35m (825.6ms)[0m  [1m[35mCREATE DATABASE "tweeter_app_api_development" ENCODING = 'unicode'[0m
  [1m[35m (825.8ms)[0m  [1m[35mCREATE DATABASE "tweeter_app_api_test" ENCODING = 'unicode'[0m
  [1m[35m (20.3ms)[0m  [1m[35mCREATE TABLE "schema_migrations" ("version" character varying NOT NULL PRIMARY KEY)[0m
  [1m[35m (14.8ms)[0m  [1m[35mCREATE TABLE "ar_internal_metadata" ("key" character varying NOT NULL PRIMARY KEY, "value" character varying, "created_at" timestamp(6) NOT NULL, "updated_at" timestamp(6) NOT NULL)[0m
  [1m[35m (0.2ms)[0m  [1m[34mSELECT pg_try_advisory_lock(1344325399035759420)[0m
  [1m[35m (1.3ms)[0m  [1m[34mSELECT "schema_migrations"."version" FROM "schema_migrations" ORDER BY "schema_migrations"."version" ASC[0m
Migrating to CreateTweets (20200425195757)
  [1m[35m (0.2ms)[0m  [1m[35mBEGIN[0m
  [1m[35m (11.3ms)[0m  [1m[35mCREATE TABLE "tweets" ("id" bigserial primary key, "title" character varying, "content" text, "author" character varying)[0m
  [1m[36mprimary::SchemaMigration Create (0.9ms)[0m  [1m[32mINSERT INTO "schema_migrations" ("version") VALUES ($1) RETURNING "version"[0m  [["version", "20200425195757"]]
  [1m[35m (1.9ms)[0m  [1m[35mCOMMIT[0m
  [1m[36mActiveRecord::InternalMetadata Load (0.7ms)[0m  [1m[34mSELECT "ar_internal_metadata".* FROM "ar_internal_metadata" WHERE "ar_internal_metadata"."key" = $1 LIMIT $2[0m  [["key", "environment"], ["LIMIT", 1]]
  [1m[35m (0.1ms)[0m  [1m[35mBEGIN[0m
  [1m[36mActiveRecord::InternalMetadata Create (1.0ms)[0m  [1m[32mINSERT INTO "ar_internal_metadata" ("key", "value", "created_at", "updated_at") VALUES ($1, $2, $3, $4) RETURNING "key"[0m  [["key", "environment"], ["value", "development"], ["created_at", "2020-04-25 19:59:45.491271"], ["updated_at", "2020-04-25 19:59:45.491271"]]
  [1m[35m (2.0ms)[0m  [1m[35mCOMMIT[0m
  [1m[35m (0.3ms)[0m  [1m[34mSELECT pg_advisory_unlock(1344325399035759420)[0m
  [1m[35m (0.7ms)[0m  [1m[34mSELECT "schema_migrations"."version" FROM "schema_migrations" ORDER BY "schema_migrations"."version" ASC[0m
  [1m[35m (0.9ms)[0m  [1m[34mSELECT "schema_migrations"."version" FROM "schema_migrations" ORDER BY "schema_migrations"."version" ASC[0m
  [1m[35m (0.1ms)[0m  [1m[35mBEGIN[0m
  [1m[36mTweet Create (1.3ms)[0m  [1m[32mINSERT INTO "tweets" ("title", "content", "author") VALUES ($1, $2, $3) RETURNING "id"[0m  [["title", "Just found this"], ["content", "the square of the hypotenuse is equal to the sum of the squares of the other two sides"], ["author", "Pythagoras570"]]
  [1m[35m (8.2ms)[0m  [1m[35mCOMMIT[0m
  [1m[35m (0.2ms)[0m  [1m[35mBEGIN[0m
  [1m[36mTweet Create (0.6ms)[0m  [1m[32mINSERT INTO "tweets" ("title", "content", "author") VALUES ($1, $2, $3) RETURNING "id"[0m  [["title", "I'm walkin' here"], ["content", "Hey, I'm walkin' here!"], ["author", "Nicky62"]]
  [1m[35m (4.2ms)[0m  [1m[35mCOMMIT[0m
  [1m[36mTweet Load (0.7ms)[0m  [1m[34mSELECT "tweets".* FROM "tweets" WHERE "tweets"."id" = $1 LIMIT $2[0m  [["id", 2], ["LIMIT", 1]]
Started GET "/tweets" for ::1 at 2020-04-25 16:08:21 -0400
  [1m[35m (1.1ms)[0m  [1m[34mSELECT "schema_migrations"."version" FROM "schema_migrations" ORDER BY "schema_migrations"."version" ASC[0m
Processing by TweetsController#index as HTML
  [1m[36mTweet Load (0.8ms)[0m  [1m[34mSELECT "tweets".* FROM "tweets"[0m
  ↳ app/controllers/tweets_controller.rb:5:in `index'
Completed 200 OK in 15ms (Views: 6.4ms | ActiveRecord: 5.9ms | Allocations: 3629)


Started GET "/tweets/1" for ::1 at 2020-04-25 16:09:31 -0400
Processing by TweetsController#show as HTML
  Parameters: {"id"=>"1"}
  [1m[36mTweet Load (0.3ms)[0m  [1m[34mSELECT "tweets".* FROM "tweets" WHERE "tweets"."id" = $1 LIMIT $2[0m  [["id", 1], ["LIMIT", 1]]
  ↳ app/controllers/tweets_controller.rb:9:in `show'
Completed 200 OK in 17ms (Views: 0.5ms | ActiveRecord: 5.9ms | Allocations: 3314)


Started POST "/tweets" for ::1 at 2020-04-25 16:20:23 -0400
Processing by TweetsController#create as */*
  Parameters: {"tweet"=>{"title"=>"My first tweet", "content"=>"Just trying this mess out.", "author"=>"ty18881"}}
  [1m[35m (0.2ms)[0m  [1m[35mBEGIN[0m
  ↳ app/controllers/tweets_controller.rb:19:in `create'
  [1m[36mTweet Create (0.9ms)[0m  [1m[32mINSERT INTO "tweets" ("title", "content", "author") VALUES ($1, $2, $3) RETURNING "id"[0m  [["title", "My first tweet"], ["content", "Just trying this mess out."], ["author", "ty18881"]]
  ↳ app/controllers/tweets_controller.rb:19:in `create'
  [1m[35m (5.9ms)[0m  [1m[35mCOMMIT[0m
  ↳ app/controllers/tweets_controller.rb:19:in `create'
Completed 201 Created in 33ms (Views: 0.2ms | ActiveRecord: 7.1ms | Allocations: 4451)


Started POST "/tweets" for ::1 at 2020-04-25 16:21:41 -0400
Processing by TweetsController#create as */*
  Parameters: {"tweet"=>{"title"=>"Crentist", "content"=>"My dentist's name is Crentist, maybe that's why he became a dentist", "author"=>"Dwight"}}
  [1m[35m (0.3ms)[0m  [1m[35mBEGIN[0m
  ↳ app/controllers/tweets_controller.rb:19:in `create'
  [1m[36mTweet Create (0.5ms)[0m  [1m[32mINSERT INTO "tweets" ("title", "content", "author") VALUES ($1, $2, $3) RETURNING "id"[0m  [["title", "Crentist"], ["content", "My dentist's name is Crentist, maybe that's why he became a dentist"], ["author", "Dwight"]]
  ↳ app/controllers/tweets_controller.rb:19:in `create'
  [1m[35m (6.2ms)[0m  [1m[35mCOMMIT[0m
  ↳ app/controllers/tweets_controller.rb:19:in `create'
Completed 201 Created in 15ms (Views: 0.3ms | ActiveRecord: 7.0ms | Allocations: 2183)


Started PUT "/tweets/4" for ::1 at 2020-04-25 16:27:38 -0400
Processing by TweetsController#update as */*
  Parameters: {"tweet"=>{"title"=>"Crentist the dentist", "content"=>"My dentist's name is Crentist, maybe that's why he became a dentist", "author"=>"Dwight"}, "id"=>"4"}
  [1m[36mTweet Load (1.1ms)[0m  [1m[34mSELECT "tweets".* FROM "tweets" WHERE "tweets"."id" = $1 LIMIT $2[0m  [["id", 4], ["LIMIT", 1]]
  ↳ app/controllers/tweets_controller.rb:29:in `update'
  [1m[35m (0.3ms)[0m  [1m[35mBEGIN[0m
  ↳ app/controllers/tweets_controller.rb:30:in `update'
  [1m[36mTweet Update (0.6ms)[0m  [1m[33mUPDATE "tweets" SET "title" = $1 WHERE "tweets"."id" = $2[0m  [["title", "Crentist the dentist"], ["id", 4]]
  ↳ app/controllers/tweets_controller.rb:30:in `update'
  [1m[35m (6.7ms)[0m  [1m[35mCOMMIT[0m
  ↳ app/controllers/tweets_controller.rb:30:in `update'
Completed 201 Created in 28ms (Views: 0.3ms | ActiveRecord: 8.9ms | Allocations: 5100)


Started DELETE "/tweets/4" for ::1 at 2020-04-25 16:31:59 -0400
Processing by TweetsController#destroy as */*
  Parameters: {"tweet"=>{"title"=>"Crentist the dentist", "content"=>"My dentist's name is Crentist, maybe that's why he became a dentist", "author"=>"Dwight"}, "id"=>"4"}
  [1m[36mTweet Load (0.4ms)[0m  [1m[34mSELECT "tweets".* FROM "tweets" WHERE "tweets"."id" = $1 LIMIT $2[0m  [["id", 4], ["LIMIT", 1]]
  ↳ app/controllers/tweets_controller.rb:36:in `destroy'
  [1m[35m (0.1ms)[0m  [1m[35mBEGIN[0m
  ↳ app/controllers/tweets_controller.rb:36:in `destroy'
  [1m[36mTweet Destroy (0.4ms)[0m  [1m[31mDELETE FROM "tweets" WHERE "tweets"."id" = $1[0m  [["id", 4]]
  ↳ app/controllers/tweets_controller.rb:36:in `destroy'
  [1m[35m (4.6ms)[0m  [1m[35mCOMMIT[0m
  ↳ app/controllers/tweets_controller.rb:36:in `destroy'
Completed 204 No Content in 25ms (Views: 0.1ms | ActiveRecord: 12.0ms | Allocations: 4578)


Started GET "/tweets/4" for ::1 at 2020-04-25 16:32:08 -0400
Processing by TweetsController#show as */*
  Parameters: {"tweet"=>{"title"=>"Crentist the dentist", "content"=>"My dentist's name is Crentist, maybe that's why he became a dentist", "author"=>"Dwight"}, "id"=>"4"}
  [1m[36mTweet Load (0.4ms)[0m  [1m[34mSELECT "tweets".* FROM "tweets" WHERE "tweets"."id" = $1 LIMIT $2[0m  [["id", 4], ["LIMIT", 1]]
  ↳ app/controllers/tweets_controller.rb:9:in `show'
Completed 404 Not Found in 5ms (ActiveRecord: 0.4ms | Allocations: 590)


  
ActiveRecord::RecordNotFound (Couldn't find Tweet with 'id'=4):
  
app/controllers/tweets_controller.rb:9:in `show'
Started GET "/meta/about" for ::1 at 2020-04-25 16:36:50 -0400
  
ActionController::RoutingError (No route matches [GET] "/meta/about"):
  
actionpack (6.0.2.2) lib/action_dispatch/middleware/debug_exceptions.rb:36:in `call'
actionpack (6.0.2.2) lib/action_dispatch/middleware/show_exceptions.rb:33:in `call'
railties (6.0.2.2) lib/rails/rack/logger.rb:38:in `call_app'
railties (6.0.2.2) lib/rails/rack/logger.rb:26:in `block in call'
activesupport (6.0.2.2) lib/active_support/tagged_logging.rb:80:in `block in tagged'
activesupport (6.0.2.2) lib/active_support/tagged_logging.rb:28:in `tagged'
activesupport (6.0.2.2) lib/active_support/tagged_logging.rb:80:in `tagged'
railties (6.0.2.2) lib/rails/rack/logger.rb:26:in `call'
actionpack (6.0.2.2) lib/action_dispatch/middleware/remote_ip.rb:81:in `call'
actionpack (6.0.2.2) lib/action_dispatch/middleware/request_id.rb:27:in `call'
rack (2.2.2) lib/rack/runtime.rb:22:in `call'
activesupport (6.0.2.2) lib/active_support/cache/strategy/local_cache_middleware.rb:29:in `call'
actionpack (6.0.2.2) lib/action_dispatch/middleware/executor.rb:14:in `call'
actionpack (6.0.2.2) lib/action_dispatch/middleware/static.rb:126:in `call'
rack (2.2.2) lib/rack/sendfile.rb:110:in `call'
actionpack (6.0.2.2) lib/action_dispatch/middleware/host_authorization.rb:83:in `call'
railties (6.0.2.2) lib/rails/engine.rb:526:in `call'
puma (4.3.3) lib/puma/configuration.rb:228:in `call'
puma (4.3.3) lib/puma/server.rb:682:in `handle_request'
puma (4.3.3) lib/puma/server.rb:472:in `process_client'
puma (4.3.3) lib/puma/server.rb:328:in `block in run'
puma (4.3.3) lib/puma/thread_pool.rb:134:in `block in spawn_thread'
Started GET "/meta" for ::1 at 2020-04-25 16:36:55 -0400
Processing by MetaController#about as HTML
Completed 200 OK in 1ms (Views: 0.2ms | ActiveRecord: 0.0ms | Allocations: 91)


Started POST "/tweets/" for ::1 at 2020-04-25 16:41:40 -0400
Processing by TweetsController#create as */*
  Parameters: {"tweet"=>{"title"=>"NoName entry", "content"=>"My dentist's name is Crentist, maybe that's why he became a dentist", "author"=>""}}
Completed 422 Unprocessable Entity in 49ms (Views: 1.1ms | ActiveRecord: 4.6ms | Allocations: 5555)


Started POST "/tweets/" for ::1 at 2020-04-25 16:41:52 -0400
Processing by TweetsController#create as */*
  Parameters: {"tweet"=>{"title"=>"", "content"=>"My dentist's name is Crentist, maybe that's why he became a dentist", "author"=>"ty18881"}}
Completed 422 Unprocessable Entity in 3ms (Views: 0.3ms | ActiveRecord: 0.0ms | Allocations: 722)


Started POST "/tweets/" for ::1 at 2020-04-25 16:41:58 -0400
Processing by TweetsController#create as */*
  Parameters: {"tweet"=>{"title"=>"", "content"=>"My dentist's name is Crentist, maybe that's why he became a dentist"}}
Completed 422 Unprocessable Entity in 3ms (Views: 0.5ms | ActiveRecord: 0.0ms | Allocations: 943)


  [1m[35m (0.3ms)[0m  [1m[34mSELECT pg_try_advisory_lock(1344325399035759420)[0m
  [1m[35m (0.6ms)[0m  [1m[34mSELECT "schema_migrations"."version" FROM "schema_migrations" ORDER BY "schema_migrations"."version" ASC[0m
Migrating to AddDefaultValueToColumn (20200425204350)
  [1m[35m (0.2ms)[0m  [1m[35mBEGIN[0m
  [1m[35m (0.2ms)[0m  [1m[31mROLLBACK[0m
  [1m[35m (0.2ms)[0m  [1m[34mSELECT pg_advisory_unlock(1344325399035759420)[0m
  [1m[35m (0.3ms)[0m  [1m[34mSELECT pg_try_advisory_lock(1344325399035759420)[0m
  [1m[35m (1.9ms)[0m  [1m[34mSELECT "schema_migrations"."version" FROM "schema_migrations" ORDER BY "schema_migrations"."version" ASC[0m
Migrating to AddDefaultValueToColumn (20200425204350)
  [1m[35m (0.2ms)[0m  [1m[35mBEGIN[0m
  [1m[35m (1.6ms)[0m  [1m[35mALTER TABLE "tweets" ALTER COLUMN "title" SET DEFAULT '2020-04-25 20:48:58.596794'[0m
  [1m[36mprimary::SchemaMigration Create (0.3ms)[0m  [1m[32mINSERT INTO "schema_migrations" ("version") VALUES ($1) RETURNING "version"[0m  [["version", "20200425204350"]]
  [1m[35m (5.8ms)[0m  [1m[35mCOMMIT[0m
  [1m[36mActiveRecord::InternalMetadata Load (1.1ms)[0m  [1m[34mSELECT "ar_internal_metadata".* FROM "ar_internal_metadata" WHERE "ar_internal_metadata"."key" = $1 LIMIT $2[0m  [["key", "environment"], ["LIMIT", 1]]
  [1m[35m (0.3ms)[0m  [1m[34mSELECT pg_advisory_unlock(1344325399035759420)[0m
  [1m[35m (0.8ms)[0m  [1m[34mSELECT "schema_migrations"."version" FROM "schema_migrations" ORDER BY "schema_migrations"."version" ASC[0m
Started POST "/tweets/?tweet[title]&tweet[content]=testing%20default%20title%20for%20tweets&tweet[author]=ty18881" for ::1 at 2020-04-25 16:51:06 -0400
  [1m[35m (0.6ms)[0m  [1m[34mSELECT "schema_migrations"."version" FROM "schema_migrations" ORDER BY "schema_migrations"."version" ASC[0m
Processing by TweetsController#create as */*
  Parameters: {"tweet"=>{"title"=>nil, "content"=>"testing default title for tweets", "author"=>"ty18881"}}
Completed 422 Unprocessable Entity in 7ms (Views: 0.2ms | ActiveRecord: 0.0ms | Allocations: 2937)


Started POST "/tweets/?tweet[title]=testing%20time%20default&tweet[content]=testing%20default%20title%20for%20tweets&tweet[author]=ty18881" for ::1 at 2020-04-25 16:51:59 -0400
Processing by TweetsController#create as */*
  Parameters: {"tweet"=>{"title"=>"testing time default", "content"=>"testing default title for tweets", "author"=>"ty18881"}}
  [1m[35m (0.2ms)[0m  [1m[35mBEGIN[0m
  ↳ app/controllers/tweets_controller.rb:19:in `create'
  [1m[36mTweet Create (1.0ms)[0m  [1m[32mINSERT INTO "tweets" ("title", "content", "author") VALUES ($1, $2, $3) RETURNING "id"[0m  [["title", "testing time default"], ["content", "testing default title for tweets"], ["author", "ty18881"]]
  ↳ app/controllers/tweets_controller.rb:19:in `create'
  [1m[35m (7.5ms)[0m  [1m[35mCOMMIT[0m
  ↳ app/controllers/tweets_controller.rb:19:in `create'
Completed 201 Created in 16ms (Views: 0.2ms | ActiveRecord: 8.7ms | Allocations: 2229)


  [1m[35m (0.2ms)[0m  [1m[34mSELECT pg_try_advisory_lock(1344325399035759420)[0m
  [1m[35m (1.2ms)[0m  [1m[34mSELECT "schema_migrations"."version" FROM "schema_migrations" ORDER BY "schema_migrations"."version" ASC[0m
Migrating to CreateReplies (20200425211158)
  [1m[35m (0.3ms)[0m  [1m[35mBEGIN[0m
  [1m[35m (18.3ms)[0m  [1m[35mCREATE TABLE "replies" ("id" bigserial primary key, "tweet_id" integer, "content" character varying)[0m
  [1m[36mprimary::SchemaMigration Create (0.5ms)[0m  [1m[32mINSERT INTO "schema_migrations" ("version") VALUES ($1) RETURNING "version"[0m  [["version", "20200425211158"]]
  [1m[35m (2.7ms)[0m  [1m[35mCOMMIT[0m
  [1m[36mActiveRecord::InternalMetadata Load (0.8ms)[0m  [1m[34mSELECT "ar_internal_metadata".* FROM "ar_internal_metadata" WHERE "ar_internal_metadata"."key" = $1 LIMIT $2[0m  [["key", "environment"], ["LIMIT", 1]]
  [1m[35m (0.4ms)[0m  [1m[34mSELECT pg_advisory_unlock(1344325399035759420)[0m
  [1m[35m (0.7ms)[0m  [1m[34mSELECT "schema_migrations"."version" FROM "schema_migrations" ORDER BY "schema_migrations"."version" ASC[0m
  [1m[35m (0.6ms)[0m  [1m[34mSELECT "schema_migrations"."version" FROM "schema_migrations" ORDER BY "schema_migrations"."version" ASC[0m
  [1m[35m (0.2ms)[0m  [1m[35mBEGIN[0m
  [1m[36mReply Create (1.4ms)[0m  [1m[32mINSERT INTO "replies" ("content") VALUES ($1) RETURNING "id"[0m  [["content", "I like this idea a lot"]]
  [1m[35m (10.9ms)[0m  [1m[35mCOMMIT[0m
  [1m[35m (0.1ms)[0m  [1m[35mBEGIN[0m
  [1m[36mReply Create (2.0ms)[0m  [1m[32mINSERT INTO "replies" ("content") VALUES ($1) RETURNING "id"[0m  [["content", "My family agrees!"]]
  [1m[35m (4.0ms)[0m  [1m[35mCOMMIT[0m
Started GET "/tweets/1" for ::1 at 2020-04-25 17:31:54 -0400
  [1m[35m (0.8ms)[0m  [1m[34mSELECT "schema_migrations"."version" FROM "schema_migrations" ORDER BY "schema_migrations"."version" ASC[0m
Processing by TweetsController#show as */*
  Parameters: {"tweet"=>{"title"=>"", "content"=>"My dentist's name is Crentist, maybe that's why he became a dentist"}, "id"=>"1"}
  [1m[36mTweet Load (1.6ms)[0m  [1m[34mSELECT "tweets".* FROM "tweets" WHERE "tweets"."id" = $1 LIMIT $2[0m  [["id", 1], ["LIMIT", 1]]
  ↳ app/controllers/tweets_controller.rb:9:in `show'
  [1m[36mCACHE Tweet Load (0.0ms)[0m  [1m[34mSELECT "tweets".* FROM "tweets" WHERE "tweets"."id" = $1 LIMIT $2[0m  [["id", 1], ["LIMIT", 1]]
  ↳ app/controllers/tweets_controller.rb:10:in `show'
  [1m[36mReply Load (0.6ms)[0m  [1m[34mSELECT "replies".* FROM "replies" WHERE "replies"."tweet_id" = $1[0m  [["tweet_id", 1]]
  ↳ app/controllers/tweets_controller.rb:11:in `show'
Completed 200 OK in 99ms (Views: 24.8ms | ActiveRecord: 12.0ms | Allocations: 12326)


